<?xml version="1.0" encoding="UTF-8"?>
<!-- Generated by org.testng.reporters.JUnitXMLReporter -->
<testsuite ignored="0" hostname="DESKTOP-R4LTDL4" failures="1" tests="2" name="Listeners_program" time="11.069" errors="0" timestamp="2024-03-08T17:00:31 IST">
  <testcase classname="utilities.ItestListenersDemo" name="testOnListeners" time="2.065"/>
  <testcase classname="utilities.ItestListenersDemo" name="testOnListeners" time="2.12">
    <failure type="java.lang.NullPointerException" message="Cannot invoke &amp;quot;com.aventstack.extentreports.ExtentTest.log(com.aventstack.extentreports.Status, String)&amp;quot; because &amp;quot;this.extentTest&amp;quot; is null">
      <![CDATA[java.lang.NullPointerException: Cannot invoke "com.aventstack.extentreports.ExtentTest.log(com.aventstack.extentreports.Status, String)" because "this.extentTest" is null
at utilities.MyListener.onTestSuccess(MyListener.java:57)
at java.base/java.util.ArrayList.forEach(ArrayList.java:1596)
... Removed 24 stack frames]]>
    </failure>
  </testcase> <!-- testOnListeners -->
</testsuite> <!-- Listeners_program -->
