<?xml version="1.0" encoding="UTF-8"?>
<testng-results ignored="0" total="2" passed="2" failed="0" skipped="0">
  <reporter-output>
  </reporter-output>
  <suite started-at="2024-03-09T15:07:05 IST" name="Surefire suite" finished-at="2024-03-09T15:07:16 IST" duration-ms="11421">
    <groups>
    </groups>
    <test started-at="2024-03-09T15:07:05 IST" name="Surefire test" finished-at="2024-03-09T15:07:16 IST" duration-ms="11421">
      <class name="pages.LoginTest">
        <test-method is-config="true" signature="setup()[pri:0, instance:pages.LoginTest@3f56875e]" started-at="2024-03-09T15:07:05 IST" name="setup" finished-at="2024-03-09T15:07:14 IST" duration-ms="9732" status="PASS">
          <reporter-output>
          </reporter-output>
        </test-method> <!-- setup -->
        <test-method signature="navigate_to_loginPage()[pri:1, instance:pages.LoginTest@3f56875e]" started-at="2024-03-09T15:07:15 IST" name="navigate_to_loginPage" finished-at="2024-03-09T15:07:15 IST" duration-ms="810" status="PASS">
          <reporter-output>
          </reporter-output>
        </test-method> <!-- navigate_to_loginPage -->
        <test-method signature="enterCredentials()[pri:2, instance:pages.LoginTest@3f56875e]" started-at="2024-03-09T15:07:15 IST" name="enterCredentials" finished-at="2024-03-09T15:07:16 IST" duration-ms="408" status="PASS">
          <reporter-output>
          </reporter-output>
        </test-method> <!-- enterCredentials -->
        <test-method is-config="true" signature="cleanup()[pri:0, instance:pages.LoginTest@3f56875e]" started-at="2024-03-09T15:07:16 IST" name="cleanup" finished-at="2024-03-09T15:07:16 IST" duration-ms="379" status="PASS">
          <reporter-output>
          </reporter-output>
        </test-method> <!-- cleanup -->
      </class> <!-- pages.LoginTest -->
    </test> <!-- Surefire test -->
  </suite> <!-- Surefire suite -->
</testng-results>
